14:07:34.191 [main] INFO  - Goto my account-->Click on Login.. 
14:07:34.883 [main] INFO  - Entering email and password.. 
14:07:35.559 [main] INFO  - clicked on login button...
15:21:51.876 [main] INFO  - Goto my account-->Click on Login.. 
15:21:53.135 [main] INFO  - Entering email and password.. 
15:21:54.620 [main] INFO  - clicked on login button...
15:32:55.009 [main] INFO  - Goto my account-->Click on Login.. 
15:32:55.760 [main] INFO  - Entering email and password.. 
15:32:56.517 [main] INFO  - clicked on login button...
15:44:58.490 [main] INFO  - Goto my account-->Click on Login.. 
15:44:59.375 [main] INFO  - Entering email and password.. 
15:45:00.720 [main] INFO  - clicked on login button...
11:24:02.941 [pool-3-thread-1] INFO  - Goto my account-->Click on Login.. 
11:24:03.761 [pool-3-thread-1] INFO  - Entering email and password.. 
11:24:06.101 [pool-3-thread-1] INFO  - clicked on login button...
11:25:07.956 [main] INFO  - Goto my account-->Click on Login.. 
11:25:08.604 [main] INFO  - Entering email and password.. 
11:25:09.732 [main] INFO  - clicked on login button...
11:27:34.728 [main] INFO  - Goto my account-->Click on Login.. 
11:27:35.361 [main] INFO  - Entering email and password.. 
11:27:36.283 [main] INFO  - clicked on login button...
11:28:39.062 [pool-3-thread-1] INFO  - Goto my account-->Click on Login.. 
11:28:39.709 [pool-3-thread-1] INFO  - Entering email and password.. 
11:28:41.527 [pool-3-thread-1] INFO  - clicked on login button...
11:30:58.762 [main] INFO  - Goto my account-->Click on Login.. 
11:30:59.506 [main] INFO  - Entering email and password.. 
11:31:00.817 [main] INFO  - clicked on login button...
11:32:42.541 [main] INFO  - Goto my account-->Click on Login.. 
11:32:46.118 [main] INFO  - Entering email and password.. 
11:32:47.244 [main] INFO  - clicked on login button...
11:34:08.134 [main] INFO  - Goto my account-->Click on Login.. 
11:34:08.801 [main] INFO  - Entering email and password.. 
11:34:10.471 [main] INFO  - clicked on login button...
11:45:34.561 [main] INFO  - Goto my account-->Click on Login.. 
11:45:35.241 [main] INFO  - Entering email and password.. 
11:45:36.544 [main] INFO  - clicked on login button...
11:48:32.063 [main] INFO  - Goto my account-->Click on Login.. 
11:48:32.749 [main] INFO  - Entering email and password.. 
11:48:34.206 [main] INFO  - clicked on login button...
12:19:09.362 [main] INFO  - Goto my account-->Click on Login.. 
12:19:10.371 [main] INFO  - Entering email and password.. 
12:19:11.738 [main] INFO  - clicked on login button...
12:24:14.670 [main] INFO  - Goto my account-->Click on Login.. 
12:24:15.551 [main] INFO  - Entering email and password.. 
12:24:16.857 [main] INFO  - clicked on login button...
12:25:59.705 [main] INFO  - Goto my account-->Click on Login.. 
12:26:00.443 [main] INFO  - Entering email and password.. 
12:26:01.724 [main] INFO  - clicked on login button...
12:40:21.946 [main] INFO  - Goto my account-->Click on Login.. 
12:40:22.616 [main] INFO  - Entering email and password.. 
12:40:24.212 [main] INFO  - clicked on login button...
12:48:13.135 [main] INFO  - Goto my account-->Click on Login.. 
12:48:14.187 [main] INFO  - Entering email and password.. 
12:48:15.338 [main] INFO  - clicked on login button...
07:20:02.541 [main] INFO  - Goto my account-->Click on Login.. 
07:20:03.687 [main] INFO  - Entering email and password.. 
07:20:04.885 [main] INFO  - clicked on login button...
07:26:07.255 [main] INFO  - Goto my account-->Click on Login.. 
07:26:08.073 [main] INFO  - Entering email and password.. 
07:26:08.937 [main] INFO  - clicked on login button...
07:27:45.855 [main] INFO  - Goto my account-->Click on Login.. 
07:27:46.685 [main] INFO  - Entering email and password.. 
07:27:47.506 [main] INFO  - clicked on login button...
07:42:18.774 [main] INFO  - Goto my account-->Click on Login.. 
07:42:19.621 [main] INFO  - Entering email and password.. 
07:42:20.495 [main] INFO  - clicked on login button...
07:44:30.850 [main] INFO  - Goto my account-->Click on Login.. 
07:44:31.695 [main] INFO  - Entering email and password.. 
07:44:32.578 [main] INFO  - clicked on login button...
07:46:04.249 [main] INFO  - Goto my account-->Click on Login.. 
07:46:05.043 [main] INFO  - Entering email and password.. 
07:46:05.916 [main] INFO  - clicked on login button...
07:52:55.919 [main] INFO  - Goto my account-->Click on Login.. 
07:52:56.718 [main] INFO  - Entering email and password.. 
07:52:57.593 [main] INFO  - clicked on login button...
10:18:25.117 [main] INFO  - Goto my account-->Click on Login.. 
10:18:25.566 [main] INFO  - Entering email and password.. 
10:18:26.790 [main] INFO  - clicked on login button...
10:18:29.253 [main] INFO  - Goto my account-->Click on Login.. 
10:18:30.239 [main] INFO  - Entering email and password.. 
10:18:31.226 [main] INFO  - clicked on login button...
10:18:33.571 [main] INFO  - Goto my account-->Click on Login.. 
10:18:34.546 [main] INFO  - Entering email and password.. 
10:18:35.448 [main] INFO  - clicked on login button...
10:40:05.154 [main] INFO  - Goto my account-->Click on Login.. 
10:40:05.661 [main] INFO  - Entering email and password.. 
10:40:06.583 [main] INFO  - clicked on login button...
10:40:09.167 [main] INFO  - Goto my account-->Click on Login.. 
10:40:10.144 [main] INFO  - Entering email and password.. 
10:40:11.210 [main] INFO  - clicked on login button...
10:40:13.626 [main] INFO  - Goto my account-->Click on Login.. 
10:40:14.538 [main] INFO  - Entering email and password.. 
10:40:15.535 [main] INFO  - clicked on login button...
10:48:21.004 [main] INFO  - Goto my account-->Click on Login.. 
10:48:21.654 [main] DEBUG - Parsing relationship: /xl/_rels/workbook.xml.rels
10:48:21.658 [main] DEBUG - Parsing relationship: /xl/worksheets/_rels/sheet1.xml.rels
10:48:21.661 [main] DEBUG - Parsing relationship: /_rels/.rels
10:48:21.877 [main] TRACE - Loading type system org.apache.poi.schemas.ooxml.system.ooxml
10:48:21.880 [main] TRACE - Loading type system org.apache.xmlbeans.metadata.system.sXMLCONFIG
10:48:21.882 [main] TRACE - Loading type system org.apache.xmlbeans.metadata.system.sXMLLANG
10:48:21.882 [main] TRACE - Loading type system org.apache.xmlbeans.metadata.system.sXMLSCHEMA
10:48:21.883 [main] TRACE - Loading type system org.apache.xmlbeans.metadata.system.sXMLTOOLS
10:48:21.885 [main] TRACE - Reading unresolved handles for type system org.apache.xmlbeans.metadata.system.sXMLTOOLS
10:48:21.898 [main] TRACE - Finished loading type system org.apache.xmlbeans.metadata.system.sXMLTOOLS
10:48:21.901 [main] TRACE - Reading unresolved handles for type system org.apache.xmlbeans.metadata.system.sXMLSCHEMA
10:48:21.907 [main] TRACE - Finished loading type system org.apache.xmlbeans.metadata.system.sXMLSCHEMA
10:48:21.909 [main] TRACE - Reading unresolved handles for type system org.apache.xmlbeans.metadata.system.sXMLLANG
10:48:21.910 [main] TRACE - Finished loading type system org.apache.xmlbeans.metadata.system.sXMLLANG
10:48:21.912 [main] TRACE - Reading unresolved handles for type system org.apache.xmlbeans.metadata.system.sXMLCONFIG
10:48:21.914 [main] TRACE - Finished loading type system org.apache.xmlbeans.metadata.system.sXMLCONFIG
10:48:21.915 [main] TRACE - Reading unresolved handles for type system org.apache.poi.schemas.ooxml.system.ooxml
10:48:21.978 [main] TRACE - Finished loading type system org.apache.poi.schemas.ooxml.system.ooxml
10:48:21.979 [main] TRACE - Resolving type for handle themefd26doctype
10:48:22.062 [main] TRACE - Resolving type for handle stylesheet5d8bdoctype
10:48:22.070 [main] TRACE - Resolving type for handle ctstylesheet4257type
10:48:22.076 [main] TRACE - Resolving type for handle ctfonts6623type
10:48:22.080 [main] TRACE - Resolving type for handle ctfont14d8type
10:48:22.086 [main] TRACE - Resolving type for handle ctfills2c6ftype
10:48:22.088 [main] TRACE - Resolving type for handle ctfill550ctype
10:48:22.091 [main] TRACE - Resolving type for handle ctborders0d66type
10:48:22.094 [main] TRACE - Resolving type for handle ctborderf935type
10:48:22.098 [main] TRACE - Resolving type for handle ctcellxfs1322type
10:48:22.101 [main] TRACE - Resolving type for handle ctxf97f7type
10:48:22.104 [main] TRACE - Resolving type for handle ctcellstylexfsa81ftype
10:48:22.106 [main] TRACE - Resolving type for handle ctdxfsb26atype
10:48:22.109 [main] TRACE - Resolving type for handle cttablestyles872ftype
10:48:22.112 [main] TRACE - Resolving type for handle sstf81fdoctype
10:48:22.120 [main] TRACE - Resolving type for handle ctsst44f3type
10:48:22.132 [main] TRACE - Resolving type for handle ctrsta472type
10:48:22.154 [main] DEBUG - using default POIXMLDocumentPart for http://schemas.openxmlformats.org/officeDocument/2006/relationships/printerSettings
10:48:22.155 [main] TRACE - Resolving type for handle workbookec17doctype
10:48:22.162 [main] TRACE - Resolving type for handle ctworkbook83c3type
10:48:22.169 [main] TRACE - Resolving type for handle ctsheets49fdtype
10:48:22.173 [main] TRACE - Resolving type for handle ctsheet4dbetype
10:48:22.176 [main] TRACE - Resolving type for handle strelationshipid1e94type
10:48:22.179 [main] TRACE - Resolving type for handle worksheetf539doctype
10:48:22.188 [main] TRACE - Resolving type for handle ctworksheet530dtype
10:48:22.195 [main] TRACE - Resolving type for handle ctsheetdata8408type
10:48:22.199 [main] TRACE - Resolving type for handle ctrowdd39type
10:48:22.204 [main] TRACE - Resolving type for handle ctcell842btype
10:48:22.213 [main] TRACE - Resolving type for handle stcellrefe4e0type
10:48:22.222 [main] TRACE - Resolving type for handle ctcols627ctype
10:48:22.228 [main] TRACE - Resolving type for handle ctcola95ftype
10:48:22.246 [main] TRACE - Resolving type for handle cthyperlinks6416type
10:48:22.248 [main] TRACE - Resolving type for handle cthyperlink0c85type
10:48:22.255 [main] TRACE - Resolving type for handle stxstringf179type
10:48:22.257 [main] TRACE - Resolving type for handle stcelltypebf95type
10:48:26.268 [main] INFO  - Goto my account-->Click on Login.. 
10:48:27.180 [main] DEBUG - Parsing relationship: /xl/_rels/workbook.xml.rels
10:48:27.182 [main] DEBUG - Parsing relationship: /xl/worksheets/_rels/sheet1.xml.rels
10:48:27.184 [main] DEBUG - Parsing relationship: /_rels/.rels
10:48:27.206 [main] DEBUG - using default POIXMLDocumentPart for http://schemas.openxmlformats.org/officeDocument/2006/relationships/printerSettings
10:48:30.934 [main] INFO  - Goto my account-->Click on Login.. 
10:48:31.895 [main] DEBUG - Parsing relationship: /xl/_rels/workbook.xml.rels
10:48:31.896 [main] DEBUG - Parsing relationship: /xl/worksheets/_rels/sheet1.xml.rels
10:48:31.898 [main] DEBUG - Parsing relationship: /_rels/.rels
10:48:31.913 [main] DEBUG - using default POIXMLDocumentPart for http://schemas.openxmlformats.org/officeDocument/2006/relationships/printerSettings
10:56:33.090 [main] INFO  - Goto my account-->Click on Login.. 
10:56:33.834 [main] DEBUG - Parsing relationship: /xl/_rels/workbook.xml.rels
10:56:33.838 [main] DEBUG - Parsing relationship: /xl/worksheets/_rels/sheet1.xml.rels
10:56:33.841 [main] DEBUG - Parsing relationship: /_rels/.rels
10:56:34.062 [main] TRACE - Loading type system org.apache.poi.schemas.ooxml.system.ooxml
10:56:34.066 [main] TRACE - Loading type system org.apache.xmlbeans.metadata.system.sXMLCONFIG
10:56:34.067 [main] TRACE - Loading type system org.apache.xmlbeans.metadata.system.sXMLLANG
10:56:34.069 [main] TRACE - Loading type system org.apache.xmlbeans.metadata.system.sXMLSCHEMA
10:56:34.070 [main] TRACE - Loading type system org.apache.xmlbeans.metadata.system.sXMLTOOLS
10:56:34.071 [main] TRACE - Reading unresolved handles for type system org.apache.xmlbeans.metadata.system.sXMLTOOLS
10:56:34.084 [main] TRACE - Finished loading type system org.apache.xmlbeans.metadata.system.sXMLTOOLS
10:56:34.085 [main] TRACE - Reading unresolved handles for type system org.apache.xmlbeans.metadata.system.sXMLSCHEMA
10:56:34.092 [main] TRACE - Finished loading type system org.apache.xmlbeans.metadata.system.sXMLSCHEMA
10:56:34.094 [main] TRACE - Reading unresolved handles for type system org.apache.xmlbeans.metadata.system.sXMLLANG
10:56:34.095 [main] TRACE - Finished loading type system org.apache.xmlbeans.metadata.system.sXMLLANG
10:56:34.096 [main] TRACE - Reading unresolved handles for type system org.apache.xmlbeans.metadata.system.sXMLCONFIG
10:56:34.098 [main] TRACE - Finished loading type system org.apache.xmlbeans.metadata.system.sXMLCONFIG
10:56:34.100 [main] TRACE - Reading unresolved handles for type system org.apache.poi.schemas.ooxml.system.ooxml
10:56:34.174 [main] TRACE - Finished loading type system org.apache.poi.schemas.ooxml.system.ooxml
10:56:34.175 [main] TRACE - Resolving type for handle themefd26doctype
10:56:34.254 [main] TRACE - Resolving type for handle stylesheet5d8bdoctype
10:56:34.262 [main] TRACE - Resolving type for handle ctstylesheet4257type
10:56:34.269 [main] TRACE - Resolving type for handle ctfonts6623type
10:56:34.272 [main] TRACE - Resolving type for handle ctfont14d8type
10:56:34.281 [main] TRACE - Resolving type for handle ctfills2c6ftype
10:56:34.285 [main] TRACE - Resolving type for handle ctfill550ctype
10:56:34.288 [main] TRACE - Resolving type for handle ctborders0d66type
10:56:34.290 [main] TRACE - Resolving type for handle ctborderf935type
10:56:34.295 [main] TRACE - Resolving type for handle ctcellxfs1322type
10:56:34.298 [main] TRACE - Resolving type for handle ctxf97f7type
10:56:34.302 [main] TRACE - Resolving type for handle ctcellstylexfsa81ftype
10:56:34.304 [main] TRACE - Resolving type for handle ctdxfsb26atype
10:56:34.308 [main] TRACE - Resolving type for handle cttablestyles872ftype
10:56:34.313 [main] TRACE - Resolving type for handle sstf81fdoctype
10:56:34.318 [main] TRACE - Resolving type for handle ctsst44f3type
10:56:34.330 [main] TRACE - Resolving type for handle ctrsta472type
10:56:34.353 [main] DEBUG - using default POIXMLDocumentPart for http://schemas.openxmlformats.org/officeDocument/2006/relationships/printerSettings
10:56:34.355 [main] TRACE - Resolving type for handle workbookec17doctype
10:56:34.361 [main] TRACE - Resolving type for handle ctworkbook83c3type
10:56:34.366 [main] TRACE - Resolving type for handle ctsheets49fdtype
10:56:34.368 [main] TRACE - Resolving type for handle ctsheet4dbetype
10:56:34.370 [main] TRACE - Resolving type for handle strelationshipid1e94type
10:56:34.374 [main] TRACE - Resolving type for handle worksheetf539doctype
10:56:34.381 [main] TRACE - Resolving type for handle ctworksheet530dtype
10:56:34.390 [main] TRACE - Resolving type for handle ctsheetdata8408type
10:56:34.393 [main] TRACE - Resolving type for handle ctrowdd39type
10:56:34.399 [main] TRACE - Resolving type for handle ctcell842btype
10:56:34.406 [main] TRACE - Resolving type for handle stcellrefe4e0type
10:56:34.415 [main] TRACE - Resolving type for handle ctcols627ctype
10:56:34.421 [main] TRACE - Resolving type for handle ctcola95ftype
10:56:34.440 [main] TRACE - Resolving type for handle cthyperlinks6416type
10:56:34.442 [main] TRACE - Resolving type for handle cthyperlink0c85type
10:56:34.449 [main] TRACE - Resolving type for handle stxstringf179type
10:56:34.452 [main] TRACE - Resolving type for handle stcelltypebf95type
10:56:38.459 [main] INFO  - Goto my account-->Click on Login.. 
10:56:39.388 [main] DEBUG - Parsing relationship: /xl/_rels/workbook.xml.rels
10:56:39.391 [main] DEBUG - Parsing relationship: /xl/worksheets/_rels/sheet1.xml.rels
10:56:39.392 [main] DEBUG - Parsing relationship: /_rels/.rels
10:56:39.412 [main] DEBUG - using default POIXMLDocumentPart for http://schemas.openxmlformats.org/officeDocument/2006/relationships/printerSettings
10:56:52.756 [main] INFO  - Goto my account-->Click on Login.. 
10:56:53.751 [main] DEBUG - Parsing relationship: /xl/_rels/workbook.xml.rels
10:56:53.753 [main] DEBUG - Parsing relationship: /xl/worksheets/_rels/sheet1.xml.rels
10:56:53.755 [main] DEBUG - Parsing relationship: /_rels/.rels
10:56:53.770 [main] DEBUG - using default POIXMLDocumentPart for http://schemas.openxmlformats.org/officeDocument/2006/relationships/printerSettings
11:09:59.348 [main] INFO  - Goto my account-->Click on Login.. 
11:09:59.746 [main] INFO  - Entering email and password.. 
11:10:00.538 [main] INFO  - clicked on login button...
11:10:02.957 [main] INFO  - Goto my account-->Click on Login.. 
11:10:03.935 [main] INFO  - Entering email and password.. 
11:10:04.859 [main] INFO  - clicked on login button...
11:10:07.235 [main] INFO  - Goto my account-->Click on Login.. 
11:10:08.250 [main] INFO  - Entering email and password.. 
11:10:09.211 [main] INFO  - clicked on login button...
